2019/09/03 10:27:37 [error] 14216#14300: *146 upstream timed out (10060: A connection attempt failed because the connected party did not properly respond after a period of time, or established connection failed because connected host has failed to respond) while reading response header from upstream, client: 192.168.4.91, server: fzgapi.xmnjdwx.com, request: "POST /test/WmTest_testStatementsServiceAmountOfCalculation?XDEBUG_SESSION_START=13076 HTTP/1.0", upstream: "fastcgi://127.0.0.1:9001", host: "fzgapi.xmnjdwx.com"
2019/09/03 14:14:17 [error] 14216#14300: *148 FastCGI sent in stderr: "PHP Parse error:  syntax error, unexpected 'var_dump' (T_STRING) in D:\Visual-NMP-x64\www\Demo1\log.php on line 9" while reading response header from upstream, client: 127.0.0.1, server: www.demo1.com, request: "GET /log.php HTTP/1.1", upstream: "fastcgi://127.0.0.1:9001", host: "www.demo1.com"
2019/09/03 14:39:07 [error] 14216#14300: *157 FastCGI sent in stderr: "PHP Warning:  Uncaught RedisException: read error on connection in D:\Visual-NMP-x64\www\project_xmn\admin-project\thinkphp\library\think\session\driver\Redis.php:58
Stack trace:
#0 D:\Visual-NMP-x64\www\project_xmn\admin-project\thinkphp\library\think\session\driver\Redis.php(58): Redis->auth('123456')
#1 [internal function]: think\session\driver\Redis->open('D:/Visual-NMP-x...', 'PHPSESSID')
#2 D:\Visual-NMP-x64\www\project_xmn\admin-project\thinkphp\library\think\Session.php(106): session_start()
#3 D:\Visual-NMP-x64\www\project_xmn\admin-project\thinkphp\library\think\Session.php(120): think\Session::init()
#4 D:\Visual-NMP-x64\www\project_xmn\admin-project\thinkphp\library\think\Session.php(164): think\Session::boot()
#5 D:\Visual-NMP-x64\www\project_xmn\admin-project\thinkphp\helper.php(322): think\Session::get('user_auth', NULL)
#6 D:\Visual-NMP-x64\www\project_xmn\admin-project\application\common.php(38): session('user_auth')
#7 D:\Visual-NMP-x64\www\project_xmn\admin-project\application\admin\controller\Admin.php( in D:\Visual-NMP-x64\www\project_xmn\admin-project\thinkphp\library\think\session\driver\Redis.php on line 58
PHP Stack trace:
PHP   1. {main}() D:\Visual-NMP-x64\www\project_xmn\admin-project\public\flat.php:0
PHP   2. require() D:\Visual-NMP-x64\www\project_xmn\admin-project\public\flat.php:53
PHP   3. think\App::run() D:\Visual-NMP-x64\www\project_xmn\admin-project\thinkphp\start.php:19
PHP   4. think\App::exec() D:\Visual-NMP-x64\www\project_xmn\admin-project\thinkphp\library\think\App.php:139
PHP   5. think\App::module() D:\Visual-NMP-x64\www\project_xmn\admin-project\thinkphp\library\think\App.php:456
PHP   6. think\Loader::controller() D:\Visual-NMP-x64\www\project_xmn\admin-project\thinkphp\library\think\App.php:570
PHP   7. think\App::invokeClass() D:\Visual-NMP-x64\www\project_xmn\admin-project\thinkphp\library\think\Loader.php:459
PHP   8. ReflectionClass->newInstanceArgs() D:\Visual-NMP-x64\www\project_xmn\admi
2019/09/03 17:21:04 [error] 14216#14300: *164 FastCGI sent in stderr: "PHP Warning:  Uncaught RedisException: read error on connection in D:\Visual-NMP-x64\www\project_xmn\admin-project\thinkphp\library\think\session\driver\Redis.php:58
Stack trace:
#0 D:\Visual-NMP-x64\www\project_xmn\admin-project\thinkphp\library\think\session\driver\Redis.php(58): Redis->auth('123456')
#1 [internal function]: think\session\driver\Redis->open('D:/Visual-NMP-x...', 'PHPSESSID')
#2 D:\Visual-NMP-x64\www\project_xmn\admin-project\thinkphp\library\think\Session.php(106): session_start()
#3 D:\Visual-NMP-x64\www\project_xmn\admin-project\thinkphp\library\think\Session.php(120): think\Session::init()
#4 D:\Visual-NMP-x64\www\project_xmn\admin-project\thinkphp\library\think\Session.php(164): think\Session::boot()
#5 D:\Visual-NMP-x64\www\project_xmn\admin-project\thinkphp\helper.php(322): think\Session::get('user_auth', NULL)
#6 D:\Visual-NMP-x64\www\project_xmn\admin-project\application\common.php(38): session('user_auth')
#7 D:\Visual-NMP-x64\www\project_xmn\admin-project\application\admin\controller\Admin.php( in D:\Visual-NMP-x64\www\project_xmn\admin-project\thinkphp\library\think\session\driver\Redis.php on line 58
PHP Stack trace:
PHP   1. {main}() D:\Visual-NMP-x64\www\project_xmn\admin-project\public\flat.php:0
PHP   2. require() D:\Visual-NMP-x64\www\project_xmn\admin-project\public\flat.php:53
PHP   3. think\App::run() D:\Visual-NMP-x64\www\project_xmn\admin-project\thinkphp\start.php:19
PHP   4. think\App::exec() D:\Visual-NMP-x64\www\project_xmn\admin-project\thinkphp\library\think\App.php:139
PHP   5. think\App::module() D:\Visual-NMP-x64\www\project_xmn\admin-project\thinkphp\library\think\App.php:456
PHP   6. think\Loader::controller() D:\Visual-NMP-x64\www\project_xmn\admin-project\thinkphp\library\think\App.php:570
PHP   7. think\App::invokeClass() D:\Visual-NMP-x64\www\project_xmn\admin-project\thinkphp\library\think\Loader.php:459
PHP   8. ReflectionClass->newInstanceArgs() D:\Visual-NMP-x64\www\project_xmn\admi
