2019/09/09 11:46:46 [error] 5416#5504: *17 FastCGI sent in stderr: "PHP Warning:  Uncaught RedisException: read error on connection in D:\Visual-NMP-x64\www\project_xmn\admin-project\thinkphp\library\think\session\driver\Redis.php:58
Stack trace:
#0 D:\Visual-NMP-x64\www\project_xmn\admin-project\thinkphp\library\think\session\driver\Redis.php(58): Redis->auth('123456')
#1 [internal function]: think\session\driver\Redis->open('D:/Visual-NMP-x...', 'PHPSESSID')
#2 D:\Visual-NMP-x64\www\project_xmn\admin-project\thinkphp\library\think\Session.php(106): session_start()
#3 D:\Visual-NMP-x64\www\project_xmn\admin-project\thinkphp\library\think\Session.php(120): think\Session::init()
#4 D:\Visual-NMP-x64\www\project_xmn\admin-project\thinkphp\library\think\Session.php(164): think\Session::boot()
#5 D:\Visual-NMP-x64\www\project_xmn\admin-project\thinkphp\helper.php(322): think\Session::get('user_auth', NULL)
#6 D:\Visual-NMP-x64\www\project_xmn\admin-project\application\common.php(38): session('user_auth')
#7 D:\Visual-NMP-x64\www\project_xmn\admin-project\application\user\admin\Publics.php(128) in D:\Visual-NMP-x64\www\project_xmn\admin-project\thinkphp\library\think\session\driver\Redis.php on line 58
PHP Stack trace:
PHP   1. {main}() D:\Visual-NMP-x64\www\project_xmn\admin-project\public\flat.php:0
PHP   2. require() D:\Visual-NMP-x64\www\project_xmn\admin-project\public\flat.php:52
PHP   3. think\App::run() D:\Visual-NMP-x64\www\project_xmn\admin-project\thinkphp\start.php:19
PHP   4. think\App::exec() D:\Visual-NMP-x64\www\project_xmn\admin-project\thinkphp\library\think\App.php:139
PHP   5. think\App::module() D:\Visual-NMP-x64\www\project_xmn\admin-project\thinkphp\library\think\App.php:456
PHP   6. think\App::invokeMethod() D:\Visual-NMP-x64\www\project_xmn\admin-project\thinkphp\library\think\App.php:594
PHP   7. ReflectionMethod->invokeArgs() D:\Visual-NMP-x64\www\project_xmn\admin-project\thinkphp\library\think\App.php:343
PHP   8. app\user\admin\Publics->signin() D:\Visual-NMP-x64\www\project_xmn\admin-p
2019/09/09 15:35:02 [error] 5416#5504: *30 CreateFile() "D:\Visual-NMP-x64\www\Demo1/favicon.ico" failed (2: The system cannot find the file specified), client: 127.0.0.1, server: www.demo1.com, request: "GET /favicon.ico HTTP/1.1", host: "www.demo1.com", referrer: "http://www.demo1.com/log.php"
