2019/09/23 11:19:01 [error] 5428#5524: *2040 CreateFile() "D:\Visual-NMP-x64\www\Demo2/favicon.ico" failed (2: The system cannot find the file specified), client: 127.0.0.1, server: www.demo2.com, request: "GET /favicon.ico HTTP/1.1", host: "www.demo2.com", referrer: "http://www.demo2.com/todos/array_map.php"
2019/09/23 13:57:10 [error] 5428#5524: *4630 FastCGI sent in stderr: "PHP Warning:  Uncaught RedisException: read error on connection in D:\Visual-NMP-x64\www\project_xmn\admin-project\thinkphp\library\think\session\driver\Redis.php:58
Stack trace:
#0 D:\Visual-NMP-x64\www\project_xmn\admin-project\thinkphp\library\think\session\driver\Redis.php(58): Redis->auth('123456')
#1 [internal function]: think\session\driver\Redis->open('D:/Visual-NMP-x...', 'PHPSESSID')
#2 D:\Visual-NMP-x64\www\project_xmn\admin-project\thinkphp\library\think\Session.php(106): session_start()
#3 D:\Visual-NMP-x64\www\project_xmn\admin-project\thinkphp\library\think\Session.php(120): think\Session::init()
#4 D:\Visual-NMP-x64\www\project_xmn\admin-project\thinkphp\library\think\Session.php(164): think\Session::boot()
#5 D:\Visual-NMP-x64\www\project_xmn\admin-project\thinkphp\helper.php(322): think\Session::get('user_auth', NULL)
#6 D:\Visual-NMP-x64\www\project_xmn\admin-project\application\common.php(38): session('user_auth')
#7 D:\Visual-NMP-x64\www\project_xmn\admin-project\application\admin\controller\Admin.php( in D:\Visual-NMP-x64\www\project_xmn\admin-project\thinkphp\library\think\session\driver\Redis.php on line 58
PHP Stack trace:
PHP   1. {main}() D:\Visual-NMP-x64\www\project_xmn\admin-project\public\flat.php:0
PHP   2. require() D:\Visual-NMP-x64\www\project_xmn\admin-project\public\flat.php:52
PHP   3. think\App::run() D:\Visual-NMP-x64\www\project_xmn\admin-project\thinkphp\start.php:19
PHP   4. think\App::exec() D:\Visual-NMP-x64\www\project_xmn\admin-project\thinkphp\library\think\App.php:139
PHP   5. think\App::module() D:\Visual-NMP-x64\www\project_xmn\admin-project\thinkphp\library\think\App.php:456
PHP   6. think\Loader::controller() D:\Visual-NMP-x64\www\project_xmn\admin-project\thinkphp\library\think\App.php:570
PHP   7. think\App::invokeClass() D:\Visual-NMP-x64\www\project_xmn\admin-project\thinkphp\library\think\Loader.php:459
PHP   8. ReflectionClass->newInstanceArgs() D:\Visual-NMP-x64\www\project_xmn\admin
2019/09/23 13:57:24 [error] 5428#5524: *4638 FastCGI sent in stderr: "PHP Warning:  Uncaught RedisException: read error on connection in D:\Visual-NMP-x64\www\project_xmn\admin-project\thinkphp\library\think\session\driver\Redis.php:58
Stack trace:
#0 D:\Visual-NMP-x64\www\project_xmn\admin-project\thinkphp\library\think\session\driver\Redis.php(58): Redis->auth('123456')
#1 [internal function]: think\session\driver\Redis->open('D:/Visual-NMP-x...', 'PHPSESSID')
#2 D:\Visual-NMP-x64\www\project_xmn\admin-project\thinkphp\library\think\Session.php(106): session_start()
#3 D:\Visual-NMP-x64\www\project_xmn\admin-project\thinkphp\library\think\Session.php(120): think\Session::init()
#4 D:\Visual-NMP-x64\www\project_xmn\admin-project\thinkphp\library\think\Session.php(164): think\Session::boot()
#5 D:\Visual-NMP-x64\www\project_xmn\admin-project\thinkphp\helper.php(322): think\Session::get('user_auth', NULL)
#6 D:\Visual-NMP-x64\www\project_xmn\admin-project\application\common.php(38): session('user_auth')
#7 D:\Visual-NMP-x64\www\project_xmn\admin-project\application\user\admin\Publics.php(128) in D:\Visual-NMP-x64\www\project_xmn\admin-project\thinkphp\library\think\session\driver\Redis.php on line 58
PHP Stack trace:
PHP   1. {main}() D:\Visual-NMP-x64\www\project_xmn\admin-project\public\flat.php:0
PHP   2. require() D:\Visual-NMP-x64\www\project_xmn\admin-project\public\flat.php:52
PHP   3. think\App::run() D:\Visual-NMP-x64\www\project_xmn\admin-project\thinkphp\start.php:19
PHP   4. think\App::exec() D:\Visual-NMP-x64\www\project_xmn\admin-project\thinkphp\library\think\App.php:139
PHP   5. think\App::module() D:\Visual-NMP-x64\www\project_xmn\admin-project\thinkphp\library\think\App.php:456
PHP   6. think\App::invokeMethod() D:\Visual-NMP-x64\www\project_xmn\admin-project\thinkphp\library\think\App.php:594
PHP   7. ReflectionMethod->invokeArgs() D:\Visual-NMP-x64\www\project_xmn\admin-project\thinkphp\library\think\App.php:343
PHP   8. app\user\admin\Publics->signin() D:\Visual-NMP-x64\www\project_xmn\admin
2019/09/23 13:57:28 [error] 5428#5524: *4643 FastCGI sent in stderr: "PHP Warning:  Uncaught RedisException: read error on connection in D:\Visual-NMP-x64\www\project_xmn\admin-project\thinkphp\library\think\session\driver\Redis.php:58
Stack trace:
#0 D:\Visual-NMP-x64\www\project_xmn\admin-project\thinkphp\library\think\session\driver\Redis.php(58): Redis->auth('123456')
#1 [internal function]: think\session\driver\Redis->open('D:/Visual-NMP-x...', 'PHPSESSID')
#2 D:\Visual-NMP-x64\www\project_xmn\admin-project\thinkphp\library\think\Session.php(106): session_start()
#3 D:\Visual-NMP-x64\www\project_xmn\admin-project\thinkphp\library\think\Session.php(120): think\Session::init()
#4 D:\Visual-NMP-x64\www\project_xmn\admin-project\thinkphp\library\think\Session.php(138): think\Session::boot()
#5 D:\Visual-NMP-x64\www\project_xmn\admin-project\thinkphp\helper.php(328): think\Session::set('user_auth', Array, NULL)
#6 D:\Visual-NMP-x64\www\project_xmn\admin-project\application\user\model\User.php(231): session('user_auth', Array)
#7 D:\Visual-NMP-x64\www\project_xmn\admin-project\application\use in D:\Visual-NMP-x64\www\project_xmn\admin-project\thinkphp\library\think\session\driver\Redis.php on line 58
PHP Stack trace:
PHP   1. {main}() D:\Visual-NMP-x64\www\project_xmn\admin-project\public\flat.php:0
PHP   2. require() D:\Visual-NMP-x64\www\project_xmn\admin-project\public\flat.php:52
PHP   3. think\App::run() D:\Visual-NMP-x64\www\project_xmn\admin-project\thinkphp\start.php:19
PHP   4. think\App::exec() D:\Visual-NMP-x64\www\project_xmn\admin-project\thinkphp\library\think\App.php:139
PHP   5. think\App::module() D:\Visual-NMP-x64\www\project_xmn\admin-project\thinkphp\library\think\App.php:456
PHP   6. think\App::invokeMethod() D:\Visual-NMP-x64\www\project_xmn\admin-project\thinkphp\library\think\App.php:594
PHP   7. ReflectionMethod->invokeArgs() D:\Visual-NMP-x64\www\project_xmn\admin-project\thinkphp\library\think\App.php:343
PHP   8. app\user\admin\Publics->signin() D:\Visual-NMP-x64\www\project_xmn\admin
2019/09/23 17:44:24 [error] 5428#5524: *7934 FastCGI sent in stderr: "PHP Warning:  call_user_func_array() expects parameter 1 to be a valid callback, function 'footbarr' not found or invalid function name in D:\Visual-NMP-x64\www\Demo2\todos\call_user_func_array.php on line 23
PHP Stack trace:
PHP   1. {main}() D:\Visual-NMP-x64\www\Demo2\todos\call_user_func_array.php:0" while reading response header from upstream, client: 127.0.0.1, server: www.demo2.com, request: "GET /todos/call_user_func_array.php HTTP/1.1", upstream: "fastcgi://127.0.0.1:9001", host: "www.demo2.com"
2019/09/23 17:45:55 [error] 5428#5524: *7939 FastCGI sent in stderr: "PHP Parse error:  syntax error, unexpected end of file in D:\Visual-NMP-x64\www\Demo2\todos\call_user_func_array.php on line 26" while reading response header from upstream, client: 127.0.0.1, server: www.demo2.com, request: "GET /todos/call_user_func_array.php HTTP/1.1", upstream: "fastcgi://127.0.0.1:9001", host: "www.demo2.com"
2019/09/23 17:46:01 [error] 5428#5524: *7939 FastCGI sent in stderr: "PHP Warning:  call_user_func_array() expects parameter 1 to be a valid callback, class 'foo' does not have a method 'barr' in D:\Visual-NMP-x64\www\Demo2\todos\call_user_func_array.php on line 26
PHP Stack trace:
PHP   1. {main}() D:\Visual-NMP-x64\www\Demo2\todos\call_user_func_array.php:0" while reading response header from upstream, client: 127.0.0.1, server: www.demo2.com, request: "GET /todos/call_user_func_array.php HTTP/1.1", upstream: "fastcgi://127.0.0.1:9001", host: "www.demo2.com"
